Determining if the pthread_create exist failed with the following output:
Change Dir: /home/sabrino/exprob/Assignment2-Experimental-RoboticS-LAB/build/CMakeFiles/CMakeTmp

Run Build Command:"/usr/bin/make" "cmTC_62c2d/fast"
/usr/bin/make -f CMakeFiles/cmTC_62c2d.dir/build.make CMakeFiles/cmTC_62c2d.dir/build
make[1]: ingresso nella directory "/home/sabrino/exprob/Assignment2-Experimental-RoboticS-LAB/build/CMakeFiles/CMakeTmp"
Building C object CMakeFiles/cmTC_62c2d.dir/CheckSymbolExists.c.o
/usr/bin/cc     -o CMakeFiles/cmTC_62c2d.dir/CheckSymbolExists.c.o   -c /home/sabrino/exprob/Assignment2-Experimental-RoboticS-LAB/build/CMakeFiles/CMakeTmp/CheckSymbolExists.c
Linking C executable cmTC_62c2d
/usr/bin/cmake -E cmake_link_script CMakeFiles/cmTC_62c2d.dir/link.txt --verbose=1
/usr/bin/cc       CMakeFiles/cmTC_62c2d.dir/CheckSymbolExists.c.o  -o cmTC_62c2d -rdynamic 
CMakeFiles/cmTC_62c2d.dir/CheckSymbolExists.c.o: nella funzione "main":
CheckSymbolExists.c:(.text+0x16): riferimento non definito a "pthread_create"
collect2: error: ld returned 1 exit status
CMakeFiles/cmTC_62c2d.dir/build.make:97: set di istruzioni per l'obiettivo "cmTC_62c2d" non riuscito
make[1]: *** [cmTC_62c2d] Errore 1
make[1]: uscita dalla directory "/home/sabrino/exprob/Assignment2-Experimental-RoboticS-LAB/build/CMakeFiles/CMakeTmp"
Makefile:126: set di istruzioni per l'obiettivo "cmTC_62c2d/fast" non riuscito
make: *** [cmTC_62c2d/fast] Errore 2

File /home/sabrino/exprob/Assignment2-Experimental-RoboticS-LAB/build/CMakeFiles/CMakeTmp/CheckSymbolExists.c:
/* */
#include <pthread.h>

int main(int argc, char** argv)
{
  (void)argv;
#ifndef pthread_create
  return ((int*)(&pthread_create))[argc];
#else
  (void)argc;
  return 0;
#endif
}

Determining if the function pthread_create exists in the pthreads failed with the following output:
Change Dir: /home/sabrino/exprob/Assignment2-Experimental-RoboticS-LAB/build/CMakeFiles/CMakeTmp

Run Build Command:"/usr/bin/make" "cmTC_633c4/fast"
/usr/bin/make -f CMakeFiles/cmTC_633c4.dir/build.make CMakeFiles/cmTC_633c4.dir/build
make[1]: ingresso nella directory "/home/sabrino/exprob/Assignment2-Experimental-RoboticS-LAB/build/CMakeFiles/CMakeTmp"
Building C object CMakeFiles/cmTC_633c4.dir/CheckFunctionExists.c.o
/usr/bin/cc    -DCHECK_FUNCTION_EXISTS=pthread_create   -o CMakeFiles/cmTC_633c4.dir/CheckFunctionExists.c.o   -c /usr/share/cmake-3.5/Modules/CheckFunctionExists.c
Linking C executable cmTC_633c4
/usr/bin/cmake -E cmake_link_script CMakeFiles/cmTC_633c4.dir/link.txt --verbose=1
/usr/bin/cc   -DCHECK_FUNCTION_EXISTS=pthread_create    CMakeFiles/cmTC_633c4.dir/CheckFunctionExists.c.o  -o cmTC_633c4 -rdynamic -lpthreads 
/usr/bin/ld: impossibile trovare -lpthreads
collect2: error: ld returned 1 exit status
CMakeFiles/cmTC_633c4.dir/build.make:97: set di istruzioni per l'obiettivo "cmTC_633c4" non riuscito
make[1]: *** [cmTC_633c4] Errore 1
make[1]: uscita dalla directory "/home/sabrino/exprob/Assignment2-Experimental-RoboticS-LAB/build/CMakeFiles/CMakeTmp"
Makefile:126: set di istruzioni per l'obiettivo "cmTC_633c4/fast" non riuscito
make: *** [cmTC_633c4/fast] Errore 2


